<?xml version="1.0" encoding="UTF-8"?>
<!-- Generated by org.testng.reporters.JUnitXMLReporter -->
<testsuite ignored="1" hostname="MWDH-Work2" failures="1" tests="7" name="Test1" time="1320.031" errors="0" timestamp="2022-09-04T05:24:54 AST">
  <testcase classname="mainProject.MuviCinemas.FoodMenu" name="TC_13" time="205.836"/>
  <testcase classname="mainProject.MuviCinemas.CreateAnAccountFunction" name="TC_05" time="16.829">
    <skipped/>
  </testcase> <!-- TC_05 -->
  <testcase classname="mainProject.MuviCinemas.CreateAnAccountFunction" name="TC_05" time="54.786">
    <failure type="java.lang.AssertionError" message="expected [Sign In] but found [Login]">
      <![CDATA[java.lang.AssertionError: expected [Sign In] but found [Login]
at mainProject.MuviCinemas.CreateAnAccountFunction.TC_05(CreateAnAccountFunction.java:55)
at java.base/java.util.ArrayList.forEach(ArrayList.java:1511)
at java.base/java.util.concurrent.FutureTask.run(FutureTask.java:264)
at java.base/java.util.concurrent.ThreadPoolExecutor.runWorker(ThreadPoolExecutor.java:1136)
at java.base/java.util.concurrent.ThreadPoolExecutor$Worker.run(ThreadPoolExecutor.java:635)
at java.base/java.lang.Thread.run(Thread.java:833)
... Removed 23 stack frames]]>
    </failure>
  </testcase> <!-- TC_05 -->
  <testcase classname="mainProject.MuviCinemas.CreateAnAccountFunction" name="TC_02" time="209.504"/>
  <testcase classname="mainProject.MuviCinemas.CreateAnAccountFunction" name="TC_03" time="68.468"/>
  <testcase classname="mainProject.MuviCinemas.CreateAnAccountFunction" name="TC_03" time="34.231"/>
  <testcase classname="mainProject.MuviCinemas.CreateAnAccountFunction" name="TC_04" time="34.226"/>
  <testcase classname="mainProject.MuviCinemas.BaseConnection" name="@AfterSuite close" time="0.0">
    <ignored/>
  </testcase> <!-- @AfterSuite close -->
</testsuite> <!-- Test1 -->
